10:30 PM
Tue 05/27/2025 
add 'Python/hiiiiiiiiiiive.py'
add 'backup.bat'
add 'backlog.bat'
add 'log.log'
[master (root-commit) 6c1db41] Regular sync
 643 files changed, 840568 insertions(+)
 create mode 100644 .gitattributes
 create mode 100644 .gitignore
 create mode 100644 C++/other-stuff/FileEncrypt/FileEncrypt.sln
 create mode 100644 C++/other-stuff/FileEncrypt/FileEncrypt/FileEncrypt.cpp
 create mode 100644 C++/other-stuff/FileEncrypt/FileEncrypt/FileEncrypt.vcxproj
 create mode 100644 C++/other-stuff/FileEncrypt/FileEncrypt/FileEncrypt.vcxproj.filters
 create mode 100644 C++/other-stuff/FileEncrypt/FileEncrypt/FileEncrypt.vcxproj.user
 create mode 100644 C++/other-stuff/FileEncrypt/FileEncrypt/FileEncrypt.zip
 create mode 100644 C++/other-stuff/FileEncrypt/FileEncrypt/x64/Debug/FileEncrypt.exe.recipe
 create mode 100644 C++/other-stuff/FileEncrypt/FileEncrypt/x64/Debug/FileEncrypt.log
 create mode 100644 C++/other-stuff/FileEncrypt/FileEncrypt/x64/Debug/FileEncrypt.tlog/CL.command.1.tlog
 create mode 100644 C++/other-stuff/FileEncrypt/FileEncrypt/x64/Debug/FileEncrypt.tlog/CL.read.1.tlog
 create mode 100644 C++/other-stuff/FileEncrypt/FileEncrypt/x64/Debug/FileEncrypt.tlog/CL.write.1.tlog
 create mode 100644 C++/other-stuff/FileEncrypt/FileEncrypt/x64/Debug/FileEncrypt.tlog/Cl.items.tlog
 create mode 100644 C++/other-stuff/FileEncrypt/FileEncrypt/x64/Debug/FileEncrypt.tlog/FileEncrypt.lastbuildstate
 create mode 100644 C++/other-stuff/FileEncrypt/FileEncrypt/x64/Debug/FileEncrypt.tlog/link.command.1.tlog
 create mode 100644 C++/other-stuff/FileEncrypt/FileEncrypt/x64/Debug/FileEncrypt.tlog/link.read.1.tlog
 create mode 100644 C++/other-stuff/FileEncrypt/FileEncrypt/x64/Debug/FileEncrypt.tlog/link.secondary.1.tlog
 create mode 100644 C++/other-stuff/FileEncrypt/FileEncrypt/x64/Debug/FileEncrypt.tlog/link.write.1.tlog
 create mode 100644 C++/other-stuff/FileEncrypt/FileEncrypt/x64/Release/FileEncrypt.Build.CppClean.log
 create mode 100644 C++/other-stuff/FileEncrypt/FileEncrypt/x64/Release/FileEncrypt.exe.recipe
 create mode 100644 C++/other-stuff/FileEncrypt/FileEncrypt/x64/Release/FileEncrypt.iobj
 create mode 100644 C++/other-stuff/FileEncrypt/FileEncrypt/x64/Release/FileEncrypt.ipdb
 create mode 100644 C++/other-stuff/FileEncrypt/FileEncrypt/x64/Release/FileEncrypt.log
 create mode 100644 C++/other-stuff/FileEncrypt/FileEncrypt/x64/Release/FileEncrypt.tlog/CL.command.1.tlog
 create mode 100644 C++/other-stuff/FileEncrypt/FileEncrypt/x64/Release/FileEncrypt.tlog/CL.read.1.tlog
 create mode 100644 C++/other-stuff/FileEncrypt/FileEncrypt/x64/Release/FileEncrypt.tlog/CL.write.1.tlog
 create mode 100644 C++/other-stuff/FileEncrypt/FileEncrypt/x64/Release/FileEncrypt.tlog/Cl.items.tlog
 create mode 100644 C++/other-stuff/FileEncrypt/FileEncrypt/x64/Release/FileEncrypt.tlog/FileEncrypt.lastbuildstate
 create mode 100644 C++/other-stuff/FileEncrypt/FileEncrypt/x64/Release/FileEncrypt.tlog/link.command.1.tlog
 create mode 100644 C++/other-stuff/FileEncrypt/FileEncrypt/x64/Release/FileEncrypt.tlog/link.read.1.tlog
 create mode 100644 C++/other-stuff/FileEncrypt/FileEncrypt/x64/Release/FileEncrypt.tlog/link.secondary.1.tlog
 create mode 100644 C++/other-stuff/FileEncrypt/FileEncrypt/x64/Release/FileEncrypt.tlog/link.write.1.tlog
 create mode 100644 C++/other-stuff/FileEncrypt/FileEncrypt/x64/Release/FileEncrypt.vcxproj.FileListAbsolute.txt
 create mode 100644 C++/other-stuff/FileEncrypt/x64/Debug/and
 create mode 100644 C++/other-stuff/FileEncrypt/x64/Debug/encrypted.0exe
 create mode 100644 C++/other-stuff/FileEncrypt/x64/Debug/test.txt.encrypted
 create mode 100644 C++/other-stuff/FileEncrypt/x64/Debug/test2.txt
 create mode 100644 C++/other-stuff/FileEncrypt/x64/Debug/text.txt
 create mode 100644 C++/other-stuff/FileEncrypt/x64/Debug/text2.txt
 create mode 100644 C++/other-stuff/FileEncrypt/x64/Debug/text2.txtttttt
 create mode 100644 C++/other-stuff/FileEncrypt/x64/Debug/text3.txt
 create mode 100644 C++/other-stuff/FileEncrypt/x64/Release/and
 create mode 100644 C++/other-stuff/MD4-ahhh/MD4-ahhh.sln
 create mode 100644 C++/other-stuff/MD4-ahhh/MD4-ahhh/MD4-ahhh.cpp
 create mode 100644 C++/other-stuff/MD4-ahhh/MD4-ahhh/MD4-ahhh.vcxproj
 create mode 100644 C++/other-stuff/MD4-ahhh/MD4-ahhh/MD4-ahhh.vcxproj.filters
 create mode 100644 C++/other-stuff/MD4-ahhh/MD4-ahhh/MD4-ahhh.vcxproj.user
 create mode 100644 C++/other-stuff/MD4-ahhh/MD4-ahhh/md4.h
 create mode 100644 C++/other-stuff/MD4-ahhh/MD4-ahhh/x64/Debug/MD4-ahhh.exe.recipe
 create mode 100644 C++/other-stuff/MD4-ahhh/MD4-ahhh/x64/Debug/MD4-ahhh.log
 create mode 100644 C++/other-stuff/MD4-ahhh/MD4-ahhh/x64/Debug/MD4-ahhh.tlog/CL.command.1.tlog
 create mode 100644 C++/other-stuff/MD4-ahhh/MD4-ahhh/x64/Debug/MD4-ahhh.tlog/CL.read.1.tlog
 create mode 100644 C++/other-stuff/MD4-ahhh/MD4-ahhh/x64/Debug/MD4-ahhh.tlog/CL.write.1.tlog
 create mode 100644 C++/other-stuff/MD4-ahhh/MD4-ahhh/x64/Debug/MD4-ahhh.tlog/Cl.items.tlog
 create mode 100644 C++/other-stuff/MD4-ahhh/MD4-ahhh/x64/Debug/MD4-ahhh.tlog/MD4-ahhh.lastbuildstate
 create mode 100644 C++/other-stuff/MD4-ahhh/MD4-ahhh/x64/Debug/MD4-ahhh.tlog/link.command.1.tlog
 create mode 100644 C++/other-stuff/MD4-ahhh/MD4-ahhh/x64/Debug/MD4-ahhh.tlog/link.read.1.tlog
 create mode 100644 C++/other-stuff/MD4-ahhh/MD4-ahhh/x64/Debug/MD4-ahhh.tlog/link.secondary.1.tlog
 create mode 100644 C++/other-stuff/MD4-ahhh/MD4-ahhh/x64/Debug/MD4-ahhh.tlog/link.write.1.tlog
 create mode 100644 C++/other-stuff/MD4-ahhh/x64/Debug/pls.ps1
 create mode 100644 C++/other-stuff/rd4-bust/rd4-bust.sln
 create mode 100644 C++/other-stuff/rd4-bust/rd4-bust/md4.cl
 create mode 100644 C++/other-stuff/rd4-bust/rd4-bust/md4.h
 create mode 100644 C++/other-stuff/rd4-bust/rd4-bust/rd4-bust.cpp
 create mode 100644 C++/other-stuff/rd4-bust/rd4-bust/rd4-bust.vcxproj
 create mode 100644 C++/other-stuff/rd4-bust/rd4-bust/rd4-bust.vcxproj.filters
 create mode 100644 C++/other-stuff/rd4-bust/rd4-bust/rd4-bust.vcxproj.user
 create mode 100644 C++/other-stuff/rd4-bust/rd4-bust/x64/Debug/rd4-bust.exe.recipe
 create mode 100644 C++/other-stuff/rd4-bust/rd4-bust/x64/Debug/rd4-bust.log
 create mode 100644 C++/other-stuff/rd4-bust/rd4-bust/x64/Debug/rd4-bust.tlog/CL.command.1.tlog
 create mode 100644 C++/other-stuff/rd4-bust/rd4-bust/x64/Debug/rd4-bust.tlog/CL.read.1.tlog
 create mode 100644 C++/other-stuff/rd4-bust/rd4-bust/x64/Debug/rd4-bust.tlog/CL.write.1.tlog
 create mode 100644 C++/other-stuff/rd4-bust/rd4-bust/x64/Debug/rd4-bust.tlog/Cl.items.tlog
 create mode 100644 C++/other-stuff/rd4-bust/rd4-bust/x64/Debug/rd4-bust.tlog/link.command.1.tlog
 create mode 100644 C++/other-stuff/rd4-bust/rd4-bust/x64/Debug/rd4-bust.tlog/link.read.1.tlog
 create mode 100644 C++/other-stuff/rd4-bust/rd4-bust/x64/Debug/rd4-bust.tlog/link.secondary.1.tlog
 create mode 100644 C++/other-stuff/rd4-bust/rd4-bust/x64/Debug/rd4-bust.tlog/link.write.1.tlog
 create mode 100644 C++/other-stuff/rd4-bust/rd4-bust/x64/Debug/rd4-bust.tlog/rd4-bust.lastbuildstate
 create mode 100644 C++/other-stuff/test/test.sln
 create mode 100644 C++/other-stuff/test/test/test.cpp
 create mode 100644 C++/other-stuff/test/test/test.vcxproj
 create mode 100644 C++/other-stuff/test/test/test.vcxproj.filters
 create mode 100644 C++/other-stuff/test/test/test.vcxproj.user
 create mode 100644 C++/other-stuff/test/test/x64/Debug/test.exe.recipe
 create mode 100644 C++/other-stuff/test/test/x64/Debug/test.log
 create mode 100644 C++/other-stuff/test/test/x64/Debug/test.tlog/CL.command.1.tlog
 create mode 100644 C++/other-stuff/test/test/x64/Debug/test.tlog/CL.read.1.tlog
 create mode 100644 C++/other-stuff/test/test/x64/Debug/test.tlog/CL.write.1.tlog
 create mode 100644 C++/other-stuff/test/test/x64/Debug/test.tlog/Cl.items.tlog
 create mode 100644 C++/other-stuff/test/test/x64/Debug/test.tlog/link.command.1.tlog
 create mode 100644 C++/other-stuff/test/test/x64/Debug/test.tlog/link.read.1.tlog
 create mode 100644 C++/other-stuff/test/test/x64/Debug/test.tlog/link.secondary.1.tlog
 create mode 100644 C++/other-stuff/test/test/x64/Debug/test.tlog/link.write.1.tlog
 create mode 100644 C++/other-stuff/test/test/x64/Debug/test.tlog/test.lastbuildstate
 create mode 100644 C++/x-camp/vs2022/BigNumTst/BigNum.h
 create mode 100644 C++/x-camp/vs2022/BigNumTst/BigNumTst.cpp
 create mode 100644 C++/x-camp/vs2022/BigNumTst/BigNumTst.sln
 create mode 100644 C++/x-camp/vs2022/BigNumTst/BigNumTst.vcxproj
 create mode 100644 C++/x-camp/vs2022/BigNumTst/BigNumTst.vcxproj.filters
 create mode 100644 C++/x-camp/vs2022/BigNumTst/BigNumTst.vcxproj.user
 create mode 100644 C++/x-camp/vs2022/BigNumTst/x64/Debug/BigNum.dll
 create mode 100644 C++/x-camp/vs2022/BigNumTst/x64/Debug/BigNum.exp
 create mode 100644 C++/x-camp/vs2022/BigNumTst/x64/Debug/BigNum.lib
 create mode 100644 C++/x-camp/vs2022/BinarySearch/BinarySearch.cpp
 create mode 100644 C++/x-camp/vs2022/BinarySearch/BinarySearch.sln
 create mode 100644 C++/x-camp/vs2022/BinarySearch/BinarySearch.vcxproj
 create mode 100644 C++/x-camp/vs2022/BinarySearch/BinarySearch.vcxproj.filters
 create mode 100644 C++/x-camp/vs2022/BinarySearch/BinarySearch.vcxproj.user
 create mode 100644 C++/x-camp/vs2022/BinarySearch/BinarySearch/x64/Debug/BinarySearch.exe.recipe
 create mode 100644 C++/x-camp/vs2022/BinarySearch/BinarySearch/x64/Debug/BinarySearch.log
 create mode 100644 C++/x-camp/vs2022/BinarySearch/BinarySearch/x64/Debug/BinarySearch.tlog/BinarySearch.lastbuildstate
 create mode 100644 C++/x-camp/vs2022/BinarySearch/BinarySearch/x64/Debug/BinarySearch.tlog/CL.command.1.tlog
 create mode 100644 C++/x-camp/vs2022/BinarySearch/BinarySearch/x64/Debug/BinarySearch.tlog/CL.read.1.tlog
 create mode 100644 C++/x-camp/vs2022/BinarySearch/BinarySearch/x64/Debug/BinarySearch.tlog/CL.write.1.tlog
 create mode 100644 C++/x-camp/vs2022/BinarySearch/BinarySearch/x64/Debug/BinarySearch.tlog/Cl.items.tlog
 create mode 100644 C++/x-camp/vs2022/BinarySearch/BinarySearch/x64/Debug/BinarySearch.tlog/link.command.1.tlog
 create mode 100644 C++/x-camp/vs2022/BinarySearch/BinarySearch/x64/Debug/BinarySearch.tlog/link.read.1.tlog
 create mode 100644 C++/x-camp/vs2022/BinarySearch/BinarySearch/x64/Debug/BinarySearch.tlog/link.secondary.1.tlog
 create mode 100644 C++/x-camp/vs2022/BinarySearch/BinarySearch/x64/Debug/BinarySearch.tlog/link.write.1.tlog
 create mode 100644 C++/x-camp/vs2022/BinarySearch/BinarySearch/x64/Debug/vcpkg.applocal.log
 create mode 100644 C++/x-camp/vs2022/BinarySearch/x64/Debug/uoj17.in
 create mode 100644 C++/x-camp/vs2022/CowDanceShow/CowDanceShow.cpp
 create mode 100644 C++/x-camp/vs2022/CowDanceShow/CowDanceShow.sln
 create mode 100644 C++/x-camp/vs2022/CowDanceShow/CowDanceShow.vcxproj
 create mode 100644 C++/x-camp/vs2022/CowDanceShow/CowDanceShow.vcxproj.filters
 create mode 100644 C++/x-camp/vs2022/CowDanceShow/CowDanceShow.vcxproj.user
 create mode 100644 C++/x-camp/vs2022/CowDanceShow/CowDanceShow/x64/Debug/CowDanceShow.exe.recipe
 create mode 100644 C++/x-camp/vs2022/CowDanceShow/CowDanceShow/x64/Debug/CowDanceShow.log
 create mode 100644 C++/x-camp/vs2022/CowDanceShow/CowDanceShow/x64/Debug/CowDanceShow.tlog/CL.command.1.tlog
 create mode 100644 C++/x-camp/vs2022/CowDanceShow/CowDanceShow/x64/Debug/CowDanceShow.tlog/CL.read.1.tlog
 create mode 100644 C++/x-camp/vs2022/CowDanceShow/CowDanceShow/x64/Debug/CowDanceShow.tlog/CL.write.1.tlog
 create mode 100644 C++/x-camp/vs2022/CowDanceShow/CowDanceShow/x64/Debug/CowDanceShow.tlog/Cl.items.tlog
 create mode 100644 C++/x-camp/vs2022/CowDanceShow/CowDanceShow/x64/Debug/CowDanceShow.tlog/CowDanceShow.lastbuildstate
 create mode 100644 C++/x-camp/vs2022/CowDanceShow/CowDanceShow/x64/Debug/CowDanceShow.tlog/link.command.1.tlog
 create mode 100644 C++/x-camp/vs2022/CowDanceShow/CowDanceShow/x64/Debug/CowDanceShow.tlog/link.read.1.tlog
 create mode 100644 C++/x-camp/vs2022/CowDanceShow/CowDanceShow/x64/Debug/CowDanceShow.tlog/link.secondary.1.tlog
 create mode 100644 C++/x-camp/vs2022/CowDanceShow/CowDanceShow/x64/Debug/CowDanceShow.tlog/link.write.1.tlog
 create mode 100644 C++/x-camp/vs2022/CowDanceShow/CowDanceShow/x64/Debug/vcpkg.applocal.log
 create mode 100644 C++/x-camp/vs2022/Cowlibi/Cowlibi.cpp
 create mode 100644 C++/x-camp/vs2022/Cowlibi/Cowlibi.sln
 create mode 100644 C++/x-camp/vs2022/Cowlibi/Cowlibi.vcxproj
 create mode 100644 C++/x-camp/vs2022/Cowlibi/Cowlibi.vcxproj.filters
 create mode 100644 C++/x-camp/vs2022/Cowlibi/Cowlibi.vcxproj.user
 create mode 100644 C++/x-camp/vs2022/DiamondCollector/DiamondCollector.cpp
 create mode 100644 C++/x-camp/vs2022/DiamondCollector/DiamondCollector.sln
 create mode 100644 C++/x-camp/vs2022/DiamondCollector/DiamondCollector.vcxproj
 create mode 100644 C++/x-camp/vs2022/DiamondCollector/DiamondCollector.vcxproj.filters
 create mode 100644 C++/x-camp/vs2022/DiamondCollector/DiamondCollector.vcxproj.user
 create mode 100644 C++/x-camp/vs2022/DiamondCollector/DiamondCollector/x64/Debug/DiamondCollector.exe.recipe
 create mode 100644 C++/x-camp/vs2022/DiamondCollector/DiamondCollector/x64/Debug/DiamondCollector.log
 create mode 100644 C++/x-camp/vs2022/DiamondCollector/DiamondCollector/x64/Debug/DiamondCollector.tlog/CL.command.1.tlog
 create mode 100644 C++/x-camp/vs2022/DiamondCollector/DiamondCollector/x64/Debug/DiamondCollector.tlog/CL.read.1.tlog
 create mode 100644 C++/x-camp/vs2022/DiamondCollector/DiamondCollector/x64/Debug/DiamondCollector.tlog/CL.write.1.tlog
 create mode 100644 C++/x-camp/vs2022/DiamondCollector/DiamondCollector/x64/Debug/DiamondCollector.tlog/Cl.items.tlog
 create mode 100644 C++/x-camp/vs2022/DiamondCollector/DiamondCollector/x64/Debug/DiamondCollector.tlog/DiamondCollector.lastbuildstate
 create mode 100644 C++/x-camp/vs2022/DiamondCollector/DiamondCollector/x64/Debug/DiamondCollector.tlog/link.command.1.tlog
 create mode 100644 C++/x-camp/vs2022/DiamondCollector/DiamondCollector/x64/Debug/DiamondCollector.tlog/link.read.1.tlog
 create mode 100644 C++/x-camp/vs2022/DiamondCollector/DiamondCollector/x64/Debug/DiamondCollector.tlog/link.secondary.1.tlog
 create mode 100644 C++/x-camp/vs2022/DiamondCollector/DiamondCollector/x64/Debug/DiamondCollector.tlog/link.write.1.tlog
 create mode 100644 C++/x-camp/vs2022/DiamondCollector/DiamondCollector/x64/Debug/vcpkg.applocal.log
 create mode 100644 C++/x-camp/vs2022/DisjointSetUnion/DisjointSetUnion.cpp
 create mode 100644 C++/x-camp/vs2022/DisjointSetUnion/DisjointSetUnion.sln
 create mode 100644 C++/x-camp/vs2022/DisjointSetUnion/DisjointSetUnion.vcxproj
 create mode 100644 C++/x-camp/vs2022/DisjointSetUnion/DisjointSetUnion.vcxproj.filters
 create mode 100644 C++/x-camp/vs2022/DisjointSetUnion/DisjointSetUnion.vcxproj.user
 create mode 100644 C++/x-camp/vs2022/DisjointSetUnion/x64/Debug/DSU_Pack.zip
 create mode 100644 C++/x-camp/vs2022/DisjointSetUnion/x64/Debug/DSU_Pack_2.zip
 create mode 100644 C++/x-camp/vs2022/DisjointSetUnion/x64/Debug/DSU_Pack_3.zip
 create mode 100644 C++/x-camp/vs2022/DisjointSetUnion/x64/Debug/DSU_Pack_3/DSU_Pack.zip
 create mode 100644 C++/x-camp/vs2022/DisjointSetUnion/x64/Debug/correct.txt
 create mode 100644 C++/x-camp/vs2022/DisjointSetUnion/x64/Debug/correct1.txt
 create mode 100644 C++/x-camp/vs2022/DisjointSetUnion/x64/Debug/out.log
 create mode 100644 C++/x-camp/vs2022/DisjointSetUnion/x64/Debug/out2.log
 create mode 100644 C++/x-camp/vs2022/DisjointSetUnion/x64/Debug/run.ps1
 create mode 100644 C++/x-camp/vs2022/DisjointSetUnion/x64/Debug/stdin.txt
 create mode 100644 C++/x-camp/vs2022/DisjointSetUnion/x64/Debug/stdin1.txt
 create mode 100644 C++/x-camp/vs2022/DisjointSetUnion/x64/Debug/stdout.txt
 create mode 100644 C++/x-camp/vs2022/DisjointSetUnion/x64/Debug/stdout1.txt
 create mode 100644 C++/x-camp/vs2022/DisjointSetUnion/x64/Debug/tmp.txt
 create mode 100644 C++/x-camp/vs2022/DisjointSetUnion/x64/Debug/uoj1.in
 create mode 100644 C++/x-camp/vs2022/DivideArrayIntoSegments/DivideAr.7ab5d3fd/x64/Debug/DivideAr.7ab5d3fd.tlog/CL.command.1.tlog
 create mode 100644 C++/x-camp/vs2022/DivideArrayIntoSegments/DivideAr.7ab5d3fd/x64/Debug/DivideAr.7ab5d3fd.tlog/CL.read.1.tlog
 create mode 100644 C++/x-camp/vs2022/DivideArrayIntoSegments/DivideAr.7ab5d3fd/x64/Debug/DivideAr.7ab5d3fd.tlog/CL.write.1.tlog
 create mode 100644 C++/x-camp/vs2022/DivideArrayIntoSegments/DivideAr.7ab5d3fd/x64/Debug/DivideAr.7ab5d3fd.tlog/Cl.items.tlog
 create mode 100644 C++/x-camp/vs2022/DivideArrayIntoSegments/DivideAr.7ab5d3fd/x64/Debug/DivideAr.7ab5d3fd.tlog/DivideArrayIntoSegments.lastbuildstate
 create mode 100644 C++/x-camp/vs2022/DivideArrayIntoSegments/DivideAr.7ab5d3fd/x64/Debug/DivideAr.7ab5d3fd.tlog/link.command.1.tlog
 create mode 100644 C++/x-camp/vs2022/DivideArrayIntoSegments/DivideAr.7ab5d3fd/x64/Debug/DivideAr.7ab5d3fd.tlog/link.read.1.tlog
 create mode 100644 C++/x-camp/vs2022/DivideArrayIntoSegments/DivideAr.7ab5d3fd/x64/Debug/DivideAr.7ab5d3fd.tlog/link.secondary.1.tlog
 create mode 100644 C++/x-camp/vs2022/DivideArrayIntoSegments/DivideAr.7ab5d3fd/x64/Debug/DivideAr.7ab5d3fd.tlog/link.write.1.tlog
 create mode 100644 C++/x-camp/vs2022/DivideArrayIntoSegments/DivideAr.7ab5d3fd/x64/Debug/DivideArrayIntoSegments.exe.recipe
 create mode 100644 C++/x-camp/vs2022/DivideArrayIntoSegments/DivideAr.7ab5d3fd/x64/Debug/DivideArrayIntoSegments.log
 create mode 100644 C++/x-camp/vs2022/DivideArrayIntoSegments/DivideAr.7ab5d3fd/x64/Debug/vcpkg.applocal.log
 create mode 100644 C++/x-camp/vs2022/DivideArrayIntoSegments/DivideArrayIntoSegments.cpp
 create mode 100644 C++/x-camp/vs2022/DivideArrayIntoSegments/DivideArrayIntoSegments.sln
 create mode 100644 C++/x-camp/vs2022/DivideArrayIntoSegments/DivideArrayIntoSegments.vcxproj
 create mode 100644 C++/x-camp/vs2022/DivideArrayIntoSegments/DivideArrayIntoSegments.vcxproj.filters
 create mode 100644 C++/x-camp/vs2022/DivideArrayIntoSegments/DivideArrayIntoSegments.vcxproj.user
 create mode 100644 C++/x-camp/vs2022/FactoryMachines/FactoryMachines.cpp
 create mode 100644 C++/x-camp/vs2022/FactoryMachines/FactoryMachines.sln
 create mode 100644 C++/x-camp/vs2022/FactoryMachines/FactoryMachines.vcxproj
 create mode 100644 C++/x-camp/vs2022/FactoryMachines/FactoryMachines.vcxproj.filters
 create mode 100644 C++/x-camp/vs2022/FactoryMachines/FactoryMachines.vcxproj.user
 create mode 100644 C++/x-camp/vs2022/FactoryMachines/FactoryMachines/x64/Debug/FactoryMachines.exe.recipe
 create mode 100644 C++/x-camp/vs2022/FactoryMachines/FactoryMachines/x64/Debug/FactoryMachines.log
 create mode 100644 C++/x-camp/vs2022/FactoryMachines/FactoryMachines/x64/Debug/FactoryMachines.tlog/CL.command.1.tlog
 create mode 100644 C++/x-camp/vs2022/FactoryMachines/FactoryMachines/x64/Debug/FactoryMachines.tlog/CL.read.1.tlog
 create mode 100644 C++/x-camp/vs2022/FactoryMachines/FactoryMachines/x64/Debug/FactoryMachines.tlog/CL.write.1.tlog
 create mode 100644 C++/x-camp/vs2022/FactoryMachines/FactoryMachines/x64/Debug/FactoryMachines.tlog/Cl.items.tlog
 create mode 100644 C++/x-camp/vs2022/FactoryMachines/FactoryMachines/x64/Debug/FactoryMachines.tlog/FactoryMachines.lastbuildstate
 create mode 100644 C++/x-camp/vs2022/FactoryMachines/FactoryMachines/x64/Debug/FactoryMachines.tlog/link.command.1.tlog
 create mode 100644 C++/x-camp/vs2022/FactoryMachines/FactoryMachines/x64/Debug/FactoryMachines.tlog/link.read.1.tlog
 create mode 100644 C++/x-camp/vs2022/FactoryMachines/FactoryMachines/x64/Debug/FactoryMachines.tlog/link.secondary.1.tlog
 create mode 100644 C++/x-camp/vs2022/FactoryMachines/FactoryMachines/x64/Debug/FactoryMachines.tlog/link.write.1.tlog
 create mode 100644 C++/x-camp/vs2022/FactoryMachines/FactoryMachines/x64/Debug/vcpkg.applocal.log
 create mode 100644 C++/x-camp/vs2022/FencePlanning/FencePlanning.cpp
 create mode 100644 C++/x-camp/vs2022/FencePlanning/FencePlanning.sln
 create mode 100644 C++/x-camp/vs2022/FencePlanning/FencePlanning.vcxproj
 create mode 100644 C++/x-camp/vs2022/FencePlanning/FencePlanning.vcxproj.filters
 create mode 100644 C++/x-camp/vs2022/FencePlanning/FencePlanning.vcxproj.user
 create mode 100644 C++/x-camp/vs2022/FencePlanning/FencePlanning/x64/Debug/FencePlanning.exe.recipe
 create mode 100644 C++/x-camp/vs2022/FencePlanning/FencePlanning/x64/Debug/FencePlanning.log
 create mode 100644 C++/x-camp/vs2022/FencePlanning/FencePlanning/x64/Debug/FencePlanning.tlog/CL.command.1.tlog
 create mode 100644 C++/x-camp/vs2022/FencePlanning/FencePlanning/x64/Debug/FencePlanning.tlog/CL.read.1.tlog
 create mode 100644 C++/x-camp/vs2022/FencePlanning/FencePlanning/x64/Debug/FencePlanning.tlog/CL.write.1.tlog
 create mode 100644 C++/x-camp/vs2022/FencePlanning/FencePlanning/x64/Debug/FencePlanning.tlog/Cl.items.tlog
 create mode 100644 C++/x-camp/vs2022/FencePlanning/FencePlanning/x64/Debug/FencePlanning.tlog/FencePlanning.lastbuildstate
 create mode 100644 C++/x-camp/vs2022/FencePlanning/FencePlanning/x64/Debug/FencePlanning.tlog/link.command.1.tlog
 create mode 100644 C++/x-camp/vs2022/FencePlanning/FencePlanning/x64/Debug/FencePlanning.tlog/link.read.1.tlog
 create mode 100644 C++/x-camp/vs2022/FencePlanning/FencePlanning/x64/Debug/FencePlanning.tlog/link.secondary.1.tlog
 create mode 100644 C++/x-camp/vs2022/FencePlanning/FencePlanning/x64/Debug/FencePlanning.tlog/link.write.1.tlog
 create mode 100644 C++/x-camp/vs2022/FencePlanning/FencePlanning/x64/Debug/vcpkg.applocal.log
 create mode 100644 C++/x-camp/vs2022/ForestQueues/ForestQueues.cpp
 create mode 100644 C++/x-camp/vs2022/ForestQueues/ForestQueues.sln
 create mode 100644 C++/x-camp/vs2022/ForestQueues/ForestQueues.vcxproj
 create mode 100644 C++/x-camp/vs2022/ForestQueues/ForestQueues.vcxproj.filters
 create mode 100644 C++/x-camp/vs2022/ForestQueues/ForestQueues.vcxproj.user
 create mode 100644 C++/x-camp/vs2022/ForestQueues/ForestQueues/x64/Debug/ForestQueues.exe.recipe
 create mode 100644 C++/x-camp/vs2022/ForestQueues/ForestQueues/x64/Debug/ForestQueues.log
 create mode 100644 C++/x-camp/vs2022/ForestQueues/ForestQueues/x64/Debug/ForestQueues.tlog/CL.command.1.tlog
 create mode 100644 C++/x-camp/vs2022/ForestQueues/ForestQueues/x64/Debug/ForestQueues.tlog/CL.read.1.tlog
 create mode 100644 C++/x-camp/vs2022/ForestQueues/ForestQueues/x64/Debug/ForestQueues.tlog/CL.write.1.tlog
 create mode 100644 C++/x-camp/vs2022/ForestQueues/ForestQueues/x64/Debug/ForestQueues.tlog/Cl.items.tlog
 create mode 100644 C++/x-camp/vs2022/ForestQueues/ForestQueues/x64/Debug/ForestQueues.tlog/ForestQueues.lastbuildstate
 create mode 100644 C++/x-camp/vs2022/ForestQueues/ForestQueues/x64/Debug/ForestQueues.tlog/link.command.1.tlog
 create mode 100644 C++/x-camp/vs2022/ForestQueues/ForestQueues/x64/Debug/ForestQueues.tlog/link.read.1.tlog
 create mode 100644 C++/x-camp/vs2022/ForestQueues/ForestQueues/x64/Debug/ForestQueues.tlog/link.secondary.1.tlog
 create mode 100644 C++/x-camp/vs2022/ForestQueues/ForestQueues/x64/Debug/ForestQueues.tlog/link.write.1.tlog
 create mode 100644 C++/x-camp/vs2022/ForestQueues/ForestQueues/x64/Debug/vcpkg.applocal.log
 create mode 100644 C++/x-camp/vs2022/ForestQueues/x64/Debug/stdin.txt
 create mode 100644 C++/x-camp/vs2022/FriendshipCircle/FriendshipCircle.cpp
 create mode 100644 C++/x-camp/vs2022/FriendshipCircle/FriendshipCircle.sln
 create mode 100644 C++/x-camp/vs2022/FriendshipCircle/FriendshipCircle.vcxproj
 create mode 100644 C++/x-camp/vs2022/FriendshipCircle/FriendshipCircle.vcxproj.filters
 create mode 100644 C++/x-camp/vs2022/FriendshipCircle/FriendshipCircle.vcxproj.user
 create mode 100644 C++/x-camp/vs2022/HPS/HPS.cpp
 create mode 100644 C++/x-camp/vs2022/HPS/HPS.sln
 create mode 100644 C++/x-camp/vs2022/HPS/HPS.vcxproj
 create mode 100644 C++/x-camp/vs2022/HPS/HPS.vcxproj.filters
 create mode 100644 C++/x-camp/vs2022/HPS/HPS.vcxproj.user
 create mode 100644 C++/x-camp/vs2022/HPS/HPS/x64/Debug/HPS.exe.recipe
 create mode 100644 C++/x-camp/vs2022/HPS/HPS/x64/Debug/HPS.log
 create mode 100644 C++/x-camp/vs2022/HPS/HPS/x64/Debug/HPS.tlog/CL.command.1.tlog
 create mode 100644 C++/x-camp/vs2022/HPS/HPS/x64/Debug/HPS.tlog/CL.read.1.tlog
 create mode 100644 C++/x-camp/vs2022/HPS/HPS/x64/Debug/HPS.tlog/CL.write.1.tlog
 create mode 100644 C++/x-camp/vs2022/HPS/HPS/x64/Debug/HPS.tlog/Cl.items.tlog
 create mode 100644 C++/x-camp/vs2022/HPS/HPS/x64/Debug/HPS.tlog/HPS.lastbuildstate
 create mode 100644 C++/x-camp/vs2022/HPS/HPS/x64/Debug/HPS.tlog/link.command.1.tlog
 create mode 100644 C++/x-camp/vs2022/HPS/HPS/x64/Debug/HPS.tlog/link.read.1.tlog
 create mode 100644 C++/x-camp/vs2022/HPS/HPS/x64/Debug/HPS.tlog/link.secondary.1.tlog
 create mode 100644 C++/x-camp/vs2022/HPS/HPS/x64/Debug/HPS.tlog/link.write.1.tlog
 create mode 100644 C++/x-camp/vs2022/HPS/HPS/x64/Debug/vcpkg.applocal.log
 create mode 100644 C++/x-camp/vs2022/HeapViewer/HeapViewer.cpp
 create mode 100644 C++/x-camp/vs2022/HeapViewer/HeapViewer.sln
 create mode 100644 C++/x-camp/vs2022/HeapViewer/HeapViewer.vcxproj
 create mode 100644 C++/x-camp/vs2022/HeapViewer/HeapViewer.vcxproj.filters
 create mode 100644 C++/x-camp/vs2022/HeapViewer/HeapViewer.vcxproj.user
 create mode 100644 C++/x-camp/vs2022/HeapViewer/HeapViewer/x64/Debug/HeapViewer.exe.recipe
 create mode 100644 C++/x-camp/vs2022/HeapViewer/HeapViewer/x64/Debug/HeapViewer.log
 create mode 100644 C++/x-camp/vs2022/HeapViewer/HeapViewer/x64/Debug/HeapViewer.tlog/CL.command.1.tlog
 create mode 100644 C++/x-camp/vs2022/HeapViewer/HeapViewer/x64/Debug/HeapViewer.tlog/CL.read.1.tlog
 create mode 100644 C++/x-camp/vs2022/HeapViewer/HeapViewer/x64/Debug/HeapViewer.tlog/CL.write.1.tlog
 create mode 100644 C++/x-camp/vs2022/HeapViewer/HeapViewer/x64/Debug/HeapViewer.tlog/Cl.items.tlog
 create mode 100644 C++/x-camp/vs2022/HeapViewer/HeapViewer/x64/Debug/HeapViewer.tlog/HeapViewer.lastbuildstate
 create mode 100644 C++/x-camp/vs2022/HeapViewer/HeapViewer/x64/Debug/HeapViewer.tlog/link.command.1.tlog
 create mode 100644 C++/x-camp/vs2022/HeapViewer/HeapViewer/x64/Debug/HeapViewer.tlog/link.read.1.tlog
 create mode 100644 C++/x-camp/vs2022/HeapViewer/HeapViewer/x64/Debug/HeapViewer.tlog/link.secondary.1.tlog
 create mode 100644 C++/x-camp/vs2022/HeapViewer/HeapViewer/x64/Debug/HeapViewer.tlog/link.write.1.tlog
 create mode 100644 C++/x-camp/vs2022/HeapViewer/HeapViewer/x64/Debug/vcpkg.applocal.log
 create mode 100644 C++/x-camp/vs2022/HeapViewer/x64/Debug/log.etl
 create mode 100644 C++/x-camp/vs2022/HeapViewer/x64/Debug/log.log
 create mode 100644 C++/x-camp/vs2022/HeapViewer/x64/Debug/out.log
 create mode 100644 C++/x-camp/vs2022/Maximum-Subarray-Sum/Maximum-.776e59c0/x64/Debug/Maximum-.776e59c0.tlog/CL.command.1.tlog
 create mode 100644 C++/x-camp/vs2022/Maximum-Subarray-Sum/Maximum-.776e59c0/x64/Debug/Maximum-.776e59c0.tlog/CL.read.1.tlog
 create mode 100644 C++/x-camp/vs2022/Maximum-Subarray-Sum/Maximum-.776e59c0/x64/Debug/Maximum-.776e59c0.tlog/CL.write.1.tlog
 create mode 100644 C++/x-camp/vs2022/Maximum-Subarray-Sum/Maximum-.776e59c0/x64/Debug/Maximum-.776e59c0.tlog/Cl.items.tlog
 create mode 100644 C++/x-camp/vs2022/Maximum-Subarray-Sum/Maximum-.776e59c0/x64/Debug/Maximum-.776e59c0.tlog/Maximum-Subarray-Sum.lastbuildstate
 create mode 100644 C++/x-camp/vs2022/Maximum-Subarray-Sum/Maximum-.776e59c0/x64/Debug/Maximum-.776e59c0.tlog/link.command.1.tlog
 create mode 100644 C++/x-camp/vs2022/Maximum-Subarray-Sum/Maximum-.776e59c0/x64/Debug/Maximum-.776e59c0.tlog/link.read.1.tlog
 create mode 100644 C++/x-camp/vs2022/Maximum-Subarray-Sum/Maximum-.776e59c0/x64/Debug/Maximum-.776e59c0.tlog/link.secondary.1.tlog
 create mode 100644 C++/x-camp/vs2022/Maximum-Subarray-Sum/Maximum-.776e59c0/x64/Debug/Maximum-.776e59c0.tlog/link.write.1.tlog
 create mode 100644 C++/x-camp/vs2022/Maximum-Subarray-Sum/Maximum-.776e59c0/x64/Debug/Maximum-Subarray-Sum.exe.recipe
 create mode 100644 C++/x-camp/vs2022/Maximum-Subarray-Sum/Maximum-.776e59c0/x64/Debug/Maximum-Subarray-Sum.log
 create mode 100644 C++/x-camp/vs2022/Maximum-Subarray-Sum/Maximum-.776e59c0/x64/Debug/vcpkg.applocal.log
 create mode 100644 C++/x-camp/vs2022/Maximum-Subarray-Sum/Maximum-Subarray-Sum.cpp
 create mode 100644 C++/x-camp/vs2022/Maximum-Subarray-Sum/Maximum-Subarray-Sum.sln
 create mode 100644 C++/x-camp/vs2022/Maximum-Subarray-Sum/Maximum-Subarray-Sum.vcxproj
 create mode 100644 C++/x-camp/vs2022/Maximum-Subarray-Sum/Maximum-Subarray-Sum.vcxproj.filters
 create mode 100644 C++/x-camp/vs2022/Maximum-Subarray-Sum/Maximum-Subarray-Sum.vcxproj.user
 create mode 100644 C++/x-camp/vs2022/MiceAndHoles/MiceAndHoles.cpp
 create mode 100644 C++/x-camp/vs2022/MiceAndHoles/MiceAndHoles.sln
 create mode 100644 C++/x-camp/vs2022/MiceAndHoles/MiceAndHoles.vcxproj
 create mode 100644 C++/x-camp/vs2022/MiceAndHoles/MiceAndHoles.vcxproj.filters
 create mode 100644 C++/x-camp/vs2022/MiceAndHoles/MiceAndHoles.vcxproj.user
 create mode 100644 C++/x-camp/vs2022/MiceAndHoles/MiceAndHoles/x64/Debug/MiceAndHoles.exe.recipe
 create mode 100644 C++/x-camp/vs2022/MiceAndHoles/MiceAndHoles/x64/Debug/MiceAndHoles.log
 create mode 100644 C++/x-camp/vs2022/MiceAndHoles/MiceAndHoles/x64/Debug/MiceAndHoles.tlog/CL.command.1.tlog
 create mode 100644 C++/x-camp/vs2022/MiceAndHoles/MiceAndHoles/x64/Debug/MiceAndHoles.tlog/CL.read.1.tlog
 create mode 100644 C++/x-camp/vs2022/MiceAndHoles/MiceAndHoles/x64/Debug/MiceAndHoles.tlog/CL.write.1.tlog
 create mode 100644 C++/x-camp/vs2022/MiceAndHoles/MiceAndHoles/x64/Debug/MiceAndHoles.tlog/Cl.items.tlog
 create mode 100644 C++/x-camp/vs2022/MiceAndHoles/MiceAndHoles/x64/Debug/MiceAndHoles.tlog/MiceAndHoles.lastbuildstate
 create mode 100644 C++/x-camp/vs2022/MiceAndHoles/MiceAndHoles/x64/Debug/MiceAndHoles.tlog/link.command.1.tlog
 create mode 100644 C++/x-camp/vs2022/MiceAndHoles/MiceAndHoles/x64/Debug/MiceAndHoles.tlog/link.read.1.tlog
 create mode 100644 C++/x-camp/vs2022/MiceAndHoles/MiceAndHoles/x64/Debug/MiceAndHoles.tlog/link.secondary.1.tlog
 create mode 100644 C++/x-camp/vs2022/MiceAndHoles/MiceAndHoles/x64/Debug/MiceAndHoles.tlog/link.write.1.tlog
 create mode 100644 C++/x-camp/vs2022/MiceAndHoles/MiceAndHoles/x64/Debug/vcpkg.applocal.log
 create mode 100644 C++/x-camp/vs2022/MiceAndHoles/x64/Debug/uoj1.in
 create mode 100644 C++/x-camp/vs2022/PaintingTheBarn/PaintingTheBarn.cpp
 create mode 100644 C++/x-camp/vs2022/PaintingTheBarn/PaintingTheBarn.sln
 create mode 100644 C++/x-camp/vs2022/PaintingTheBarn/PaintingTheBarn.vcxproj
 create mode 100644 C++/x-camp/vs2022/PaintingTheBarn/PaintingTheBarn.vcxproj.filters
 create mode 100644 C++/x-camp/vs2022/PaintingTheBarn/PaintingTheBarn.vcxproj.user
 create mode 100644 C++/x-camp/vs2022/PaintingTheBarn/PaintingTheBarn/x64/Debug/PaintingTheBarn.exe.recipe
 create mode 100644 C++/x-camp/vs2022/PaintingTheBarn/PaintingTheBarn/x64/Debug/PaintingTheBarn.log
 create mode 100644 C++/x-camp/vs2022/PaintingTheBarn/PaintingTheBarn/x64/Debug/PaintingTheBarn.tlog/CL.command.1.tlog
 create mode 100644 C++/x-camp/vs2022/PaintingTheBarn/PaintingTheBarn/x64/Debug/PaintingTheBarn.tlog/CL.read.1.tlog
 create mode 100644 C++/x-camp/vs2022/PaintingTheBarn/PaintingTheBarn/x64/Debug/PaintingTheBarn.tlog/CL.write.1.tlog
 create mode 100644 C++/x-camp/vs2022/PaintingTheBarn/PaintingTheBarn/x64/Debug/PaintingTheBarn.tlog/Cl.items.tlog
 create mode 100644 C++/x-camp/vs2022/PaintingTheBarn/PaintingTheBarn/x64/Debug/PaintingTheBarn.tlog/PaintingTheBarn.lastbuildstate
 create mode 100644 C++/x-camp/vs2022/PaintingTheBarn/PaintingTheBarn/x64/Debug/PaintingTheBarn.tlog/link.command.1.tlog
 create mode 100644 C++/x-camp/vs2022/PaintingTheBarn/PaintingTheBarn/x64/Debug/PaintingTheBarn.tlog/link.read.1.tlog
 create mode 100644 C++/x-camp/vs2022/PaintingTheBarn/PaintingTheBarn/x64/Debug/PaintingTheBarn.tlog/link.secondary.1.tlog
 create mode 100644 C++/x-camp/vs2022/PaintingTheBarn/PaintingTheBarn/x64/Debug/PaintingTheBarn.tlog/link.write.1.tlog
 create mode 100644 C++/x-camp/vs2022/PaintingTheBarn/PaintingTheBarn/x64/Debug/vcpkg.applocal.log
 create mode 100644 C++/x-camp/vs2022/ProcSpeedTester/ProcSpeedTester.cpp
 create mode 100644 C++/x-camp/vs2022/ProcSpeedTester/ProcSpeedTester.sln
 create mode 100644 C++/x-camp/vs2022/ProcSpeedTester/ProcSpeedTester.vcxproj
 create mode 100644 C++/x-camp/vs2022/ProcSpeedTester/ProcSpeedTester.vcxproj.filters
 create mode 100644 C++/x-camp/vs2022/ProcSpeedTester/ProcSpeedTester.vcxproj.user
 create mode 100644 C++/x-camp/vs2022/ProcSpeedTester/ProcSpeedTester/x64/Debug/ProcSpeedTester.exe.recipe
 create mode 100644 C++/x-camp/vs2022/ProcSpeedTester/ProcSpeedTester/x64/Debug/ProcSpeedTester.log
 create mode 100644 C++/x-camp/vs2022/ProcSpeedTester/ProcSpeedTester/x64/Debug/ProcSpeedTester.tlog/CL.command.1.tlog
 create mode 100644 C++/x-camp/vs2022/ProcSpeedTester/ProcSpeedTester/x64/Debug/ProcSpeedTester.tlog/CL.read.1.tlog
 create mode 100644 C++/x-camp/vs2022/ProcSpeedTester/ProcSpeedTester/x64/Debug/ProcSpeedTester.tlog/CL.write.1.tlog
 create mode 100644 C++/x-camp/vs2022/ProcSpeedTester/ProcSpeedTester/x64/Debug/ProcSpeedTester.tlog/Cl.items.tlog
 create mode 100644 C++/x-camp/vs2022/ProcSpeedTester/ProcSpeedTester/x64/Debug/ProcSpeedTester.tlog/ProcSpeedTester.lastbuildstate
 create mode 100644 C++/x-camp/vs2022/ProcSpeedTester/ProcSpeedTester/x64/Debug/ProcSpeedTester.tlog/link.command.1.tlog
 create mode 100644 C++/x-camp/vs2022/ProcSpeedTester/ProcSpeedTester/x64/Debug/ProcSpeedTester.tlog/link.read.1.tlog
 create mode 100644 C++/x-camp/vs2022/ProcSpeedTester/ProcSpeedTester/x64/Debug/ProcSpeedTester.tlog/link.secondary.1.tlog
 create mode 100644 C++/x-camp/vs2022/ProcSpeedTester/ProcSpeedTester/x64/Debug/ProcSpeedTester.tlog/link.write.1.tlog
 create mode 100644 C++/x-camp/vs2022/ProcSpeedTester/ProcSpeedTester/x64/Debug/vcpkg.applocal.log
 create mode 100644 C++/x-camp/vs2022/RectangularPasture/RectangularPasture.cpp
 create mode 100644 C++/x-camp/vs2022/RectangularPasture/RectangularPasture.sln
 create mode 100644 C++/x-camp/vs2022/RectangularPasture/RectangularPasture.vcxproj
 create mode 100644 C++/x-camp/vs2022/RectangularPasture/RectangularPasture.vcxproj.filters
 create mode 100644 C++/x-camp/vs2022/RectangularPasture/RectangularPasture.vcxproj.user
 create mode 100644 C++/x-camp/vs2022/RestarauntCustomers/Restarau.3141fe61/x64/Debug/Restarau.3141fe61.tlog/CL.command.1.tlog
 create mode 100644 C++/x-camp/vs2022/RestarauntCustomers/Restarau.3141fe61/x64/Debug/Restarau.3141fe61.tlog/CL.read.1.tlog
 create mode 100644 C++/x-camp/vs2022/RestarauntCustomers/Restarau.3141fe61/x64/Debug/Restarau.3141fe61.tlog/CL.write.1.tlog
 create mode 100644 C++/x-camp/vs2022/RestarauntCustomers/Restarau.3141fe61/x64/Debug/Restarau.3141fe61.tlog/Cl.items.tlog
 create mode 100644 C++/x-camp/vs2022/RestarauntCustomers/Restarau.3141fe61/x64/Debug/Restarau.3141fe61.tlog/RestarauntCustomers.lastbuildstate
 create mode 100644 C++/x-camp/vs2022/RestarauntCustomers/Restarau.3141fe61/x64/Debug/Restarau.3141fe61.tlog/link.command.1.tlog
 create mode 100644 C++/x-camp/vs2022/RestarauntCustomers/Restarau.3141fe61/x64/Debug/Restarau.3141fe61.tlog/link.read.1.tlog
 create mode 100644 C++/x-camp/vs2022/RestarauntCustomers/Restarau.3141fe61/x64/Debug/Restarau.3141fe61.tlog/link.secondary.1.tlog
 create mode 100644 C++/x-camp/vs2022/RestarauntCustomers/Restarau.3141fe61/x64/Debug/Restarau.3141fe61.tlog/link.write.1.tlog
 create mode 100644 C++/x-camp/vs2022/RestarauntCustomers/Restarau.3141fe61/x64/Debug/RestarauntCustomers.exe.recipe
 create mode 100644 C++/x-camp/vs2022/RestarauntCustomers/Restarau.3141fe61/x64/Debug/RestarauntCustomers.log
 create mode 100644 C++/x-camp/vs2022/RestarauntCustomers/Restarau.3141fe61/x64/Debug/vcpkg.applocal.log
 create mode 100644 C++/x-camp/vs2022/RestarauntCustomers/RestarauntCustomers.cpp
 create mode 100644 C++/x-camp/vs2022/RestarauntCustomers/RestarauntCustomers.sln
 create mode 100644 C++/x-camp/vs2022/RestarauntCustomers/RestarauntCustomers.vcxproj
 create mode 100644 C++/x-camp/vs2022/RestarauntCustomers/RestarauntCustomers.vcxproj.filters
 create mode 100644 C++/x-camp/vs2022/RestarauntCustomers/RestarauntCustomers.vcxproj.user
 create mode 100644 C++/x-camp/vs2022/RoadConstruction/RoadConstruction.cpp
 create mode 100644 C++/x-camp/vs2022/RoadConstruction/RoadConstruction.sln
 create mode 100644 C++/x-camp/vs2022/RoadConstruction/RoadConstruction.vcxproj
 create mode 100644 C++/x-camp/vs2022/RoadConstruction/RoadConstruction.vcxproj.filters
 create mode 100644 C++/x-camp/vs2022/RoadConstruction/RoadConstruction.vcxproj.user
 create mode 100644 C++/x-camp/vs2022/RoadConstruction/RoadConstruction/x64/Debug/RoadConstruction.exe.recipe
 create mode 100644 C++/x-camp/vs2022/RoadConstruction/RoadConstruction/x64/Debug/RoadConstruction.log
 create mode 100644 C++/x-camp/vs2022/RoadConstruction/RoadConstruction/x64/Debug/RoadConstruction.tlog/CL.command.1.tlog
 create mode 100644 C++/x-camp/vs2022/RoadConstruction/RoadConstruction/x64/Debug/RoadConstruction.tlog/CL.read.1.tlog
 create mode 100644 C++/x-camp/vs2022/RoadConstruction/RoadConstruction/x64/Debug/RoadConstruction.tlog/CL.write.1.tlog
 create mode 100644 C++/x-camp/vs2022/RoadConstruction/RoadConstruction/x64/Debug/RoadConstruction.tlog/Cl.items.tlog
 create mode 100644 C++/x-camp/vs2022/RoadConstruction/RoadConstruction/x64/Debug/RoadConstruction.tlog/RoadConstruction.lastbuildstate
 create mode 100644 C++/x-camp/vs2022/RoadConstruction/RoadConstruction/x64/Debug/RoadConstruction.tlog/link.command.1.tlog
 create mode 100644 C++/x-camp/vs2022/RoadConstruction/RoadConstruction/x64/Debug/RoadConstruction.tlog/link.read.1.tlog
 create mode 100644 C++/x-camp/vs2022/RoadConstruction/RoadConstruction/x64/Debug/RoadConstruction.tlog/link.secondary.1.tlog
 create mode 100644 C++/x-camp/vs2022/RoadConstruction/RoadConstruction/x64/Debug/RoadConstruction.tlog/link.write.1.tlog
 create mode 100644 C++/x-camp/vs2022/RoadConstruction/RoadConstruction/x64/Debug/vcpkg.applocal.log
 create mode 100644 C++/x-camp/vs2022/Rope Cutting_6.zip
 create mode 100644 C++/x-camp/vs2022/SleepyCowHerding/SleepyCowHerding.cpp
 create mode 100644 C++/x-camp/vs2022/SleepyCowHerding/SleepyCowHerding.sln
 create mode 100644 C++/x-camp/vs2022/SleepyCowHerding/SleepyCowHerding.vcxproj
 create mode 100644 C++/x-camp/vs2022/SleepyCowHerding/SleepyCowHerding.vcxproj.filters
 create mode 100644 C++/x-camp/vs2022/SleepyCowHerding/SleepyCowHerding.vcxproj.user
 create mode 100644 C++/x-camp/vs2022/SleepyCowHerding/SleepyCowHerding/x64/Debug/SleepyCowHerding.exe.recipe
 create mode 100644 C++/x-camp/vs2022/SleepyCowHerding/SleepyCowHerding/x64/Debug/SleepyCowHerding.log
 create mode 100644 C++/x-camp/vs2022/SleepyCowHerding/SleepyCowHerding/x64/Debug/SleepyCowHerding.tlog/CL.command.1.tlog
 create mode 100644 C++/x-camp/vs2022/SleepyCowHerding/SleepyCowHerding/x64/Debug/SleepyCowHerding.tlog/CL.read.1.tlog
 create mode 100644 C++/x-camp/vs2022/SleepyCowHerding/SleepyCowHerding/x64/Debug/SleepyCowHerding.tlog/CL.write.1.tlog
 create mode 100644 C++/x-camp/vs2022/SleepyCowHerding/SleepyCowHerding/x64/Debug/SleepyCowHerding.tlog/Cl.items.tlog
 create mode 100644 C++/x-camp/vs2022/SleepyCowHerding/SleepyCowHerding/x64/Debug/SleepyCowHerding.tlog/SleepyCowHerding.lastbuildstate
 create mode 100644 C++/x-camp/vs2022/SleepyCowHerding/SleepyCowHerding/x64/Debug/SleepyCowHerding.tlog/link.command.1.tlog
 create mode 100644 C++/x-camp/vs2022/SleepyCowHerding/SleepyCowHerding/x64/Debug/SleepyCowHerding.tlog/link.read.1.tlog
 create mode 100644 C++/x-camp/vs2022/SleepyCowHerding/SleepyCowHerding/x64/Debug/SleepyCowHerding.tlog/link.secondary.1.tlog
 create mode 100644 C++/x-camp/vs2022/SleepyCowHerding/SleepyCowHerding/x64/Debug/SleepyCowHerding.tlog/link.write.1.tlog
 create mode 100644 C++/x-camp/vs2022/SleepyCowHerding/SleepyCowHerding/x64/Debug/vcpkg.applocal.log
 create mode 100644 C++/x-camp/vs2022/SleepyCowHerding/tree.cpp
 create mode 100644 C++/x-camp/vs2022/SocialDistancing/SocialDistancing.cpp
 create mode 100644 C++/x-camp/vs2022/SocialDistancing/SocialDistancing.sln
 create mode 100644 C++/x-camp/vs2022/SocialDistancing/SocialDistancing.vcxproj
 create mode 100644 C++/x-camp/vs2022/SocialDistancing/SocialDistancing.vcxproj.filters
 create mode 100644 C++/x-camp/vs2022/SocialDistancing/SocialDistancing.vcxproj.user
 create mode 100644 C++/x-camp/vs2022/SocialDistancing/SocialDistancing/x64/Debug/SocialDistancing.exe.recipe
 create mode 100644 C++/x-camp/vs2022/SocialDistancing/SocialDistancing/x64/Debug/SocialDistancing.log
 create mode 100644 C++/x-camp/vs2022/SocialDistancing/SocialDistancing/x64/Debug/SocialDistancing.tlog/CL.command.1.tlog
 create mode 100644 C++/x-camp/vs2022/SocialDistancing/SocialDistancing/x64/Debug/SocialDistancing.tlog/CL.read.1.tlog
 create mode 100644 C++/x-camp/vs2022/SocialDistancing/SocialDistancing/x64/Debug/SocialDistancing.tlog/CL.write.1.tlog
 create mode 100644 C++/x-camp/vs2022/SocialDistancing/SocialDistancing/x64/Debug/SocialDistancing.tlog/Cl.items.tlog
 create mode 100644 C++/x-camp/vs2022/SocialDistancing/SocialDistancing/x64/Debug/SocialDistancing.tlog/SocialDistancing.lastbuildstate
 create mode 100644 C++/x-camp/vs2022/SocialDistancing/SocialDistancing/x64/Debug/SocialDistancing.tlog/link.command.1.tlog
 create mode 100644 C++/x-camp/vs2022/SocialDistancing/SocialDistancing/x64/Debug/SocialDistancing.tlog/link.read.1.tlog
 create mode 100644 C++/x-camp/vs2022/SocialDistancing/SocialDistancing/x64/Debug/SocialDistancing.tlog/link.secondary.1.tlog
 create mode 100644 C++/x-camp/vs2022/SocialDistancing/SocialDistancing/x64/Debug/SocialDistancing.tlog/link.write.1.tlog
 create mode 100644 C++/x-camp/vs2022/SocialDistancing/SocialDistancing/x64/Debug/vcpkg.applocal.log
 create mode 100644 C++/x-camp/vs2022/Subarray Distinct Values_3.zip
 create mode 100644 C++/x-camp/vs2022/Subarray Sums II_7/uoj7.ans
 create mode 100644 C++/x-camp/vs2022/Subarray Sums II_7/uoj7.in
 create mode 100644 C++/x-camp/vs2022/SubarraySumsII/SubarraySumsII.cpp
 create mode 100644 C++/x-camp/vs2022/SubarraySumsII/SubarraySumsII.sln
 create mode 100644 C++/x-camp/vs2022/SubarraySumsII/SubarraySumsII.vcxproj
 create mode 100644 C++/x-camp/vs2022/SubarraySumsII/SubarraySumsII.vcxproj.filters
 create mode 100644 C++/x-camp/vs2022/SubarraySumsII/SubarraySumsII.vcxproj.user
 create mode 100644 C++/x-camp/vs2022/SubarraySumsII/SubarraySumsII/x64/Debug/SubarraySumsII.exe.recipe
 create mode 100644 C++/x-camp/vs2022/SubarraySumsII/SubarraySumsII/x64/Debug/SubarraySumsII.log
 create mode 100644 C++/x-camp/vs2022/SubarraySumsII/SubarraySumsII/x64/Debug/SubarraySumsII.tlog/CL.command.1.tlog
 create mode 100644 C++/x-camp/vs2022/SubarraySumsII/SubarraySumsII/x64/Debug/SubarraySumsII.tlog/CL.read.1.tlog
 create mode 100644 C++/x-camp/vs2022/SubarraySumsII/SubarraySumsII/x64/Debug/SubarraySumsII.tlog/CL.write.1.tlog
 create mode 100644 C++/x-camp/vs2022/SubarraySumsII/SubarraySumsII/x64/Debug/SubarraySumsII.tlog/Cl.items.tlog
 create mode 100644 C++/x-camp/vs2022/SubarraySumsII/SubarraySumsII/x64/Debug/SubarraySumsII.tlog/SubarraySumsII.lastbuildstate
 create mode 100644 C++/x-camp/vs2022/SubarraySumsII/SubarraySumsII/x64/Debug/SubarraySumsII.tlog/link.command.1.tlog
 create mode 100644 C++/x-camp/vs2022/SubarraySumsII/SubarraySumsII/x64/Debug/SubarraySumsII.tlog/link.read.1.tlog
 create mode 100644 C++/x-camp/vs2022/SubarraySumsII/SubarraySumsII/x64/Debug/SubarraySumsII.tlog/link.secondary.1.tlog
 create mode 100644 C++/x-camp/vs2022/SubarraySumsII/SubarraySumsII/x64/Debug/SubarraySumsII.tlog/link.write.1.tlog
 create mode 100644 C++/x-camp/vs2022/SubarraySumsII/SubarraySumsII/x64/Debug/vcpkg.applocal.log
 create mode 100644 C++/x-camp/vs2022/SubarraySumsII/x64/Debug/uoj7.in
 create mode 100644 C++/x-camp/vs2022/SumOfThreeValues/SumOfThreeValues.cpp
 create mode 100644 C++/x-camp/vs2022/SumOfThreeValues/SumOfThreeValues.sln
 create mode 100644 C++/x-camp/vs2022/SumOfThreeValues/SumOfThreeValues.vcxproj
 create mode 100644 C++/x-camp/vs2022/SumOfThreeValues/SumOfThreeValues.vcxproj.filters
 create mode 100644 C++/x-camp/vs2022/SumOfThreeValues/SumOfThreeValues.vcxproj.user
 create mode 100644 C++/x-camp/vs2022/SumOfThreeValues/SumOfThreeValues/x64/Debug/SumOfThreeValues.exe.recipe
 create mode 100644 C++/x-camp/vs2022/SumOfThreeValues/SumOfThreeValues/x64/Debug/SumOfThreeValues.log
 create mode 100644 C++/x-camp/vs2022/SumOfThreeValues/SumOfThreeValues/x64/Debug/SumOfThreeValues.tlog/CL.command.1.tlog
 create mode 100644 C++/x-camp/vs2022/SumOfThreeValues/SumOfThreeValues/x64/Debug/SumOfThreeValues.tlog/CL.read.1.tlog
 create mode 100644 C++/x-camp/vs2022/SumOfThreeValues/SumOfThreeValues/x64/Debug/SumOfThreeValues.tlog/CL.write.1.tlog
 create mode 100644 C++/x-camp/vs2022/SumOfThreeValues/SumOfThreeValues/x64/Debug/SumOfThreeValues.tlog/Cl.items.tlog
 create mode 100644 C++/x-camp/vs2022/SumOfThreeValues/SumOfThreeValues/x64/Debug/SumOfThreeValues.tlog/SumOfThreeValues.lastbuildstate
 create mode 100644 C++/x-camp/vs2022/SumOfThreeValues/SumOfThreeValues/x64/Debug/SumOfThreeValues.tlog/link.command.1.tlog
 create mode 100644 C++/x-camp/vs2022/SumOfThreeValues/SumOfThreeValues/x64/Debug/SumOfThreeValues.tlog/link.read.1.tlog
 create mode 100644 C++/x-camp/vs2022/SumOfThreeValues/SumOfThreeValues/x64/Debug/SumOfThreeValues.tlog/link.secondary.1.tlog
 create mode 100644 C++/x-camp/vs2022/SumOfThreeValues/SumOfThreeValues/x64/Debug/SumOfThreeValues.tlog/link.write.1.tlog
 create mode 100644 C++/x-camp/vs2022/SumOfThreeValues/SumOfThreeValues/x64/Debug/vcpkg.applocal.log
 create mode 100644 C++/x-camp/vs2022/X-Camp-solutions/X-Camp-solutions.cpp
 create mode 100644 C++/x-camp/vs2022/X-Camp-solutions/X-Camp-solutions.sln
 create mode 100644 C++/x-camp/vs2022/X-Camp-solutions/X-Camp-solutions.vcxproj
 create mode 100644 C++/x-camp/vs2022/X-Camp-solutions/X-Camp-solutions.vcxproj.filters
 create mode 100644 C++/x-camp/vs2022/X-Camp-solutions/X-Camp-solutions.vcxproj.user
 create mode 100644 C++/x-camp/vs2022/X-Camp-solutions/x64/Debug/X-Camp-solutions.Build.CppClean.log
 create mode 100644 C++/x-camp/vs2022/X-Camp-solutions/x64/Debug/X-Camp-solutions.exe.recipe
 create mode 100644 C++/x-camp/vs2022/X-Camp-solutions/x64/Debug/X-Camp-solutions.log
 create mode 100644 C++/x-camp/vs2022/X-Camp-solutions/x64/Debug/X-Camp-solutions.tlog/CL.command.1.tlog
 create mode 100644 C++/x-camp/vs2022/X-Camp-solutions/x64/Debug/X-Camp-solutions.tlog/CL.read.1.tlog
 create mode 100644 C++/x-camp/vs2022/X-Camp-solutions/x64/Debug/X-Camp-solutions.tlog/CL.write.1.tlog
 create mode 100644 C++/x-camp/vs2022/X-Camp-solutions/x64/Debug/X-Camp-solutions.tlog/X-Camp-solutions.lastbuildstate
 create mode 100644 C++/x-camp/vs2022/X-Camp-solutions/x64/Debug/X-Camp-solutions.tlog/link.command.1.tlog
 create mode 100644 C++/x-camp/vs2022/X-Camp-solutions/x64/Debug/X-Camp-solutions.tlog/link.read.1.tlog
 create mode 100644 C++/x-camp/vs2022/X-Camp-solutions/x64/Debug/X-Camp-solutions.tlog/link.write.1.tlog
 create mode 100644 C++/x-camp/vs2022/X-Camp-solutions/x64/Debug/X-Camp-solutions.vcxproj.FileListAbsolute.txt
 create mode 100644 C++/x-camp/vs2022/X-Camp-solutions/x64/Debug/_IsIncrementalBuild
 create mode 100644 C++/x-camp/vs2022/better-scrape/better-scrape.cpp
 create mode 100644 C++/x-camp/vs2022/better-scrape/better-scrape.sln
 create mode 100644 C++/x-camp/vs2022/better-scrape/better-scrape.vcxproj
 create mode 100644 C++/x-camp/vs2022/better-scrape/better-scrape.vcxproj.filters
 create mode 100644 C++/x-camp/vs2022/better-scrape/better-scrape.vcxproj.user
 create mode 100644 C++/x-camp/vs2022/better-scrape/better-scrape/x64/Debug/better-scrape.exe.recipe
 create mode 100644 C++/x-camp/vs2022/better-scrape/better-scrape/x64/Debug/better-scrape.log
 create mode 100644 C++/x-camp/vs2022/better-scrape/better-scrape/x64/Debug/better-scrape.tlog/CL.command.1.tlog
 create mode 100644 C++/x-camp/vs2022/better-scrape/better-scrape/x64/Debug/better-scrape.tlog/CL.read.1.tlog
 create mode 100644 C++/x-camp/vs2022/better-scrape/better-scrape/x64/Debug/better-scrape.tlog/CL.write.1.tlog
 create mode 100644 C++/x-camp/vs2022/better-scrape/better-scrape/x64/Debug/better-scrape.tlog/Cl.items.tlog
 create mode 100644 C++/x-camp/vs2022/better-scrape/better-scrape/x64/Debug/better-scrape.tlog/better-scrape.lastbuildstate
 create mode 100644 C++/x-camp/vs2022/better-scrape/better-scrape/x64/Debug/better-scrape.tlog/link.command.1.tlog
 create mode 100644 C++/x-camp/vs2022/better-scrape/better-scrape/x64/Debug/better-scrape.tlog/link.read.1.tlog
 create mode 100644 C++/x-camp/vs2022/better-scrape/better-scrape/x64/Debug/better-scrape.tlog/link.secondary.1.tlog
 create mode 100644 C++/x-camp/vs2022/better-scrape/better-scrape/x64/Debug/better-scrape.tlog/link.write.1.tlog
 create mode 100644 C++/x-camp/vs2022/better-scrape/better-scrape/x64/Debug/vcpkg.applocal.log
 create mode 100644 C++/x-camp/vs2022/catch-the-cow/catch-the-cow.cpp
 create mode 100644 C++/x-camp/vs2022/catch-the-cow/catch-the-cow.sln
 create mode 100644 C++/x-camp/vs2022/catch-the-cow/catch-the-cow.vcxproj
 create mode 100644 C++/x-camp/vs2022/catch-the-cow/catch-the-cow.vcxproj.filters
 create mode 100644 C++/x-camp/vs2022/catch-the-cow/catch-the-cow.vcxproj.user
 create mode 100644 C++/x-camp/vs2022/catch-the-cow/catch-the-cow/x64/Debug/catch-the-cow.exe.recipe
 create mode 100644 C++/x-camp/vs2022/catch-the-cow/catch-the-cow/x64/Debug/catch-the-cow.log
 create mode 100644 C++/x-camp/vs2022/catch-the-cow/catch-the-cow/x64/Debug/catch-the-cow.tlog/CL.command.1.tlog
 create mode 100644 C++/x-camp/vs2022/catch-the-cow/catch-the-cow/x64/Debug/catch-the-cow.tlog/CL.read.1.tlog
 create mode 100644 C++/x-camp/vs2022/catch-the-cow/catch-the-cow/x64/Debug/catch-the-cow.tlog/CL.write.1.tlog
 create mode 100644 C++/x-camp/vs2022/catch-the-cow/catch-the-cow/x64/Debug/catch-the-cow.tlog/Cl.items.tlog
 create mode 100644 C++/x-camp/vs2022/catch-the-cow/catch-the-cow/x64/Debug/catch-the-cow.tlog/catch-the-cow.lastbuildstate
 create mode 100644 C++/x-camp/vs2022/catch-the-cow/catch-the-cow/x64/Debug/catch-the-cow.tlog/link.command.1.tlog
 create mode 100644 C++/x-camp/vs2022/catch-the-cow/catch-the-cow/x64/Debug/catch-the-cow.tlog/link.read.1.tlog
 create mode 100644 C++/x-camp/vs2022/catch-the-cow/catch-the-cow/x64/Debug/catch-the-cow.tlog/link.secondary.1.tlog
 create mode 100644 C++/x-camp/vs2022/catch-the-cow/catch-the-cow/x64/Debug/catch-the-cow.tlog/link.write.1.tlog
 create mode 100644 C++/x-camp/vs2022/catch-the-cow/catch-the-cow/x64/Debug/vcpkg.applocal.log
 create mode 100644 C++/x-camp/vs2022/catch-the-cow/x64/Debug/correct.txt
 create mode 100644 C++/x-camp/vs2022/catch-the-cow/x64/Debug/correct1.txt
 create mode 100644 C++/x-camp/vs2022/catch-the-cow/x64/Debug/run.ps1
 create mode 100644 C++/x-camp/vs2022/catch-the-cow/x64/Debug/stdin.txt
 create mode 100644 C++/x-camp/vs2022/catch-the-cow/x64/Debug/stdin1.txt
 create mode 100644 C++/x-camp/vs2022/catch-the-cow/x64/Debug/stdout.txt
 create mode 100644 C++/x-camp/vs2022/catch-the-cow/x64/Debug/stdout1.txt
 create mode 100644 C++/x-camp/vs2022/catch-the-cow/x64/Debug/tmp.txt
 create mode 100644 C++/x-camp/vs2022/closing-the-farm/closing-the-farm.cpp
 create mode 100644 C++/x-camp/vs2022/closing-the-farm/closing-the-farm.sln
 create mode 100644 C++/x-camp/vs2022/closing-the-farm/closing-the-farm.vcxproj
 create mode 100644 C++/x-camp/vs2022/closing-the-farm/closing-the-farm.vcxproj.filters
 create mode 100644 C++/x-camp/vs2022/closing-the-farm/closing-the-farm.vcxproj.user
 create mode 100644 C++/x-camp/vs2022/closing-the-farm/closing-the-farm/x64/Debug/closing-the-farm.exe.recipe
 create mode 100644 C++/x-camp/vs2022/closing-the-farm/closing-the-farm/x64/Debug/closing-the-farm.log
 create mode 100644 C++/x-camp/vs2022/closing-the-farm/closing-the-farm/x64/Debug/closing-the-farm.tlog/CL.command.1.tlog
 create mode 100644 C++/x-camp/vs2022/closing-the-farm/closing-the-farm/x64/Debug/closing-the-farm.tlog/CL.read.1.tlog
 create mode 100644 C++/x-camp/vs2022/closing-the-farm/closing-the-farm/x64/Debug/closing-the-farm.tlog/CL.write.1.tlog
 create mode 100644 C++/x-camp/vs2022/closing-the-farm/closing-the-farm/x64/Debug/closing-the-farm.tlog/Cl.items.tlog
 create mode 100644 C++/x-camp/vs2022/closing-the-farm/closing-the-farm/x64/Debug/closing-the-farm.tlog/closing-the-farm.lastbuildstate
 create mode 100644 C++/x-camp/vs2022/closing-the-farm/closing-the-farm/x64/Debug/closing-the-farm.tlog/link.command.1.tlog
 create mode 100644 C++/x-camp/vs2022/closing-the-farm/closing-the-farm/x64/Debug/closing-the-farm.tlog/link.read.1.tlog
 create mode 100644 C++/x-camp/vs2022/closing-the-farm/closing-the-farm/x64/Debug/closing-the-farm.tlog/link.secondary.1.tlog
 create mode 100644 C++/x-camp/vs2022/closing-the-farm/closing-the-farm/x64/Debug/closing-the-farm.tlog/link.write.1.tlog
 create mode 100644 C++/x-camp/vs2022/closing-the-farm/closing-the-farm/x64/Debug/vcpkg.applocal.log
 create mode 100644 C++/x-camp/vs2022/pioneers/pioneers.cpp
 create mode 100644 C++/x-camp/vs2022/pioneers/pioneers.sln
 create mode 100644 C++/x-camp/vs2022/pioneers/pioneers.vcxproj
 create mode 100644 C++/x-camp/vs2022/pioneers/pioneers.vcxproj.filters
 create mode 100644 C++/x-camp/vs2022/pioneers/pioneers.vcxproj.user
 create mode 100644 C++/x-camp/vs2022/pioneers/pioneers/x64/Debug/pioneers.exe.recipe
 create mode 100644 C++/x-camp/vs2022/pioneers/pioneers/x64/Debug/pioneers.log
 create mode 100644 C++/x-camp/vs2022/pioneers/pioneers/x64/Debug/pioneers.tlog/CL.command.1.tlog
 create mode 100644 C++/x-camp/vs2022/pioneers/pioneers/x64/Debug/pioneers.tlog/CL.read.1.tlog
 create mode 100644 C++/x-camp/vs2022/pioneers/pioneers/x64/Debug/pioneers.tlog/CL.write.1.tlog
 create mode 100644 C++/x-camp/vs2022/pioneers/pioneers/x64/Debug/pioneers.tlog/Cl.items.tlog
 create mode 100644 C++/x-camp/vs2022/pioneers/pioneers/x64/Debug/pioneers.tlog/link.command.1.tlog
 create mode 100644 C++/x-camp/vs2022/pioneers/pioneers/x64/Debug/pioneers.tlog/link.read.1.tlog
 create mode 100644 C++/x-camp/vs2022/pioneers/pioneers/x64/Debug/pioneers.tlog/link.secondary.1.tlog
 create mode 100644 C++/x-camp/vs2022/pioneers/pioneers/x64/Debug/pioneers.tlog/link.write.1.tlog
 create mode 100644 C++/x-camp/vs2022/pioneers/pioneers/x64/Debug/pioneers.tlog/pioneers.lastbuildstate
 create mode 100644 C++/x-camp/vs2022/pioneers/pioneers/x64/Debug/vcpkg.applocal.log
 create mode 100644 C++/x-camp/vs2022/pioneers/x64/Debug/correct.txt
 create mode 100644 C++/x-camp/vs2022/pioneers/x64/Debug/correct1.txt
 create mode 100644 C++/x-camp/vs2022/pioneers/x64/Debug/run.ps1
 create mode 100644 C++/x-camp/vs2022/pioneers/x64/Debug/stdin.txt
 create mode 100644 C++/x-camp/vs2022/pioneers/x64/Debug/stdin1.txt
 create mode 100644 C++/x-camp/vs2022/pioneers/x64/Debug/stdout.txt
 create mode 100644 C++/x-camp/vs2022/pioneers/x64/Debug/stdout1.txt
 create mode 100644 C++/x-camp/vs2022/pioneers/x64/Debug/tmp.txt
 create mode 100644 C++/x-camp/vs2022/whyDidTheCowCrossTheRoadII/uoj2.in
 create mode 100644 C++/x-camp/vs2022/whyDidTheCowCrossTheRoadII/whyDidTh.9d42228e/x64/Debug/vcpkg.applocal.log
 create mode 100644 C++/x-camp/vs2022/whyDidTheCowCrossTheRoadII/whyDidTh.9d42228e/x64/Debug/whyDidTh.9d42228e.tlog/CL.command.1.tlog
 create mode 100644 C++/x-camp/vs2022/whyDidTheCowCrossTheRoadII/whyDidTh.9d42228e/x64/Debug/whyDidTh.9d42228e.tlog/CL.read.1.tlog
 create mode 100644 C++/x-camp/vs2022/whyDidTheCowCrossTheRoadII/whyDidTh.9d42228e/x64/Debug/whyDidTh.9d42228e.tlog/CL.write.1.tlog
 create mode 100644 C++/x-camp/vs2022/whyDidTheCowCrossTheRoadII/whyDidTh.9d42228e/x64/Debug/whyDidTh.9d42228e.tlog/Cl.items.tlog
 create mode 100644 C++/x-camp/vs2022/whyDidTheCowCrossTheRoadII/whyDidTh.9d42228e/x64/Debug/whyDidTh.9d42228e.tlog/link.command.1.tlog
 create mode 100644 C++/x-camp/vs2022/whyDidTheCowCrossTheRoadII/whyDidTh.9d42228e/x64/Debug/whyDidTh.9d42228e.tlog/link.read.1.tlog
 create mode 100644 C++/x-camp/vs2022/whyDidTheCowCrossTheRoadII/whyDidTh.9d42228e/x64/Debug/whyDidTh.9d42228e.tlog/link.secondary.1.tlog
 create mode 100644 C++/x-camp/vs2022/whyDidTheCowCrossTheRoadII/whyDidTh.9d42228e/x64/Debug/whyDidTh.9d42228e.tlog/link.write.1.tlog
 create mode 100644 C++/x-camp/vs2022/whyDidTheCowCrossTheRoadII/whyDidTh.9d42228e/x64/Debug/whyDidTh.9d42228e.tlog/whyDidTheCowCrossTheRoadII.lastbuildstate
 create mode 100644 C++/x-camp/vs2022/whyDidTheCowCrossTheRoadII/whyDidTh.9d42228e/x64/Debug/whyDidTheCowCrossTheRoadII.exe.recipe
 create mode 100644 C++/x-camp/vs2022/whyDidTheCowCrossTheRoadII/whyDidTh.9d42228e/x64/Debug/whyDidTheCowCrossTheRoadII.log
 create mode 100644 C++/x-camp/vs2022/whyDidTheCowCrossTheRoadII/whyDidTheCowCrossTheRoadII.cpp
 create mode 100644 C++/x-camp/vs2022/whyDidTheCowCrossTheRoadII/whyDidTheCowCrossTheRoadII.sln
 create mode 100644 C++/x-camp/vs2022/whyDidTheCowCrossTheRoadII/whyDidTheCowCrossTheRoadII.vcxproj
 create mode 100644 C++/x-camp/vs2022/whyDidTheCowCrossTheRoadII/whyDidTheCowCrossTheRoadII.vcxproj.filters
 create mode 100644 C++/x-camp/vs2022/whyDidTheCowCrossTheRoadII/whyDidTheCowCrossTheRoadII.vcxproj.user
 create mode 100644 C++/x-camp/vs2022/whyDidTheCowCrossTheRoadII/x64/Debug/uoj2.in
 create mode 100644 C++/x-camp/x_camp_cpp_src/8-connected.cpp
 create mode 100644 C++/x-camp/x_camp_cpp_src/HoppingCloner-remover.bat
 create mode 100644 C++/x-camp/x_camp_cpp_src/Knight-traversal.cpp
 create mode 100644 C++/x-camp/x_camp_cpp_src/catch-the-cow.cpp
 create mode 100644 C++/x-camp/x_camp_cpp_src/chess-game.cpp
 create mode 100644 C++/x-camp/x_camp_cpp_src/child-nodes.cpp
 create mode 100644 C++/x-camp/x_camp_cpp_src/closing-the-farm.cpp
 create mode 100644 C++/x-camp/x_camp_cpp_src/cpp.clang-format
 create mode 100644 C++/x-camp/x_camp_cpp_src/father-nodes.cpp
 create mode 100644 C++/x-camp/x_camp_cpp_src/knight-moves.cpp
 create mode 100644 C++/x-camp/x_camp_cpp_src/leaf-nodes.cpp
 create mode 100644 C++/x-camp/x_camp_cpp_src/maze-solve.cpp
 create mode 100644 C++/x-camp/x_camp_cpp_src/message-route.cpp
 create mode 100644 C++/x-camp/x_camp_cpp_src/minimum-turns.cpp
 create mode 100644 C++/x-camp/x_camp_cpp_src/number-sequence.cpp
 create mode 100644 C++/x-camp/x_camp_cpp_src/offline-coder.html
 create mode 100644 C++/x-camp/x_camp_cpp_src/pioneers.cpp
 create mode 100644 C++/x-camp/x_camp_cpp_src/sliding-puzzle.cpp
 create mode 100644 C++/x-camp/x_camp_cpp_src/tic-tac-toe.cpp
 create mode 100644 C++/x-camp/x_camp_cpp_src/word-ladder.cpp
 create mode 100644 Python/USCF_Rating_Calc.7z
 create mode 100644 Python/dino.py
 create mode 100644 Python/hiiiiiiiiiiive.py
 create mode 100644 Python/leetcode/easy/Is Subsequence.py
 create mode 100644 Python/leetcode/medium/Minimum Operations to Make a Uni-Value Grid.py
 create mode 100644 Python/pybook/Xcamp-answers.py
 create mode 100644 Python/pybook/ch10.py
 create mode 100644 Python/pybook/name_function.py
 create mode 100644 Python/pybook/number_writer.py
 create mode 100644 Python/pybook/numbers.json
 create mode 100644 Python/pybook/remember_me.py
 create mode 100644 Python/pybook/test.spydata
 create mode 100644 Python/pybook/test_functions.py
 create mode 100644 Python/pybook/untitled0.py
 create mode 100644 Python/reeeeeeeeeg.py
 create mode 100644 Python/xcamp/Pouring-Milk.py
 create mode 100644 Python/xcamp/__pycache__/minimum-turns.cpython-311.pyc
 create mode 100644 Python/xcamp/fourier-transform-1.png
 create mode 100644 Python/xcamp/fourier-transform.py
 create mode 100644 Python/xcamp/longest-repeating-substring.py
 create mode 100644 Python/xcamp/minimum-turns.cpp
 create mode 100644 Python/xcamp/minimum-turns.py
 create mode 100644 Python/xcamp/music.py
 create mode 100644 Python/xcamp/output.wav
 create mode 100644 Python/xcamp/superprime.py
 create mode 100644 backlog.bat
 create mode 100644 backup.bat
 create mode 160000 docs
 create mode 100644 log.log
10:30 PM
Tue 05/27/2025 
add 'log.log'
[master 2d8b8fa] Regular sync
 1 file changed, 2 insertions(+)
10:33 PM
Tue 05/27/2025 
add 'backup.bat'
add 'log.log'
[master 77fa930] Regular sync
 2 files changed, 6 insertions(+), 1 deletion(-)
branch 'master' set up to track 'origin/master'.
10:36 PM
Tue 05/27/2025 
add 'C++/other-stuff/rd4-bust/rd4-bust/rd4-bust.cpp'
add 'backup.bat'
add 'log.log'
[master 18d6a76] Regular sync
 3 files changed, 9 insertions(+), 2 deletions(-)
10:37 PM
Tue 05/27/2025 
add 'backup.bat'
add 'log.log'
[main a026006] Regular sync
 2 files changed, 8 insertions(+)
branch 'main' set up to track 'origin/main'.
09:42 PM
Tue 06/03/2025 

C:\Users\teren\Docs and Files\Github_Repos>cd C:\Users\teren\Docs and Files\Github_Repos 

C:\Users\teren\Docs and Files\Github_Repos>git branch -M main 

C:\Users\teren\Docs and Files\Github_Repos>git add . -v 
add 'backlog.bat'
add 'log.log'
add 'Python/reeeeeeeeeg - Copy (2).py'
add 'Python/reeeeeeeeeg - Copy.py'

C:\Users\teren\Docs and Files\Github_Repos>git commit -m "Regular sync" 
[main 31cb52e] Regular sync
 4 files changed, 64 insertions(+)
 create mode 100644 Python/reeeeeeeeeg - Copy (2).py
 create mode 100644 Python/reeeeeeeeeg - Copy.py

C:\Users\teren\Docs and Files\Github_Repos>git push --force -u origin main 
branch 'main' set up to track 'origin/main'.
09:44 PM
Tue 06/03/2025 
09:51 PM
Mon 06/16/2025 

C:\Users\teren\Docs and Files\Github_Repos>cd C:\Users\teren\Docs and Files\Github_Repos 

C:\Users\teren\Docs and Files\Github_Repos>git branch -M main 

C:\Users\teren\Docs and Files\Github_Repos>git add . -v 
add 'log.log'

C:\Users\teren\Docs and Files\Github_Repos>git commit -m "Regular sync" 
[main d4c4668] Regular sync
 1 file changed, 2 insertions(+)

C:\Users\teren\Docs and Files\Github_Repos>git push --force -u origin main 
